<?xml version="1.0" encoding="UTF-8"?>
<testsuite xmlns:xsi="http://www.w3.org/2001/XMLSchema-instance" xsi:noNamespaceSchemaLocation="https://maven.apache.org/surefire/maven-surefire-plugin/xsd/surefire-test-report-3.0.xsd" version="3.0" name="Runner.TestRunner" time="97.728" tests="48" errors="0" skipped="0" failures="0">
  <properties>
    <property name="sun.desktop" value="windows"/>
    <property name="awt.toolkit" value="sun.awt.windows.WToolkit"/>
    <property name="java.specification.version" value="11"/>
    <property name="sun.cpu.isalist" value="amd64"/>
    <property name="sun.jnu.encoding" value="Cp1252"/>
    <property name="java.class.path" value="C:\Users\gaurav.dixit01\eclipse-workspace\Cucumber\target\test-classes;C:\Users\gaurav.dixit01\eclipse-workspace\Cucumber\target\classes;C:\Users\gaurav.dixit01\.m2\repository\org\seleniumhq\selenium\selenium-java\3.141.59\selenium-java-3.141.59.jar;C:\Users\gaurav.dixit01\.m2\repository\org\seleniumhq\selenium\selenium-api\3.141.59\selenium-api-3.141.59.jar;C:\Users\gaurav.dixit01\.m2\repository\org\seleniumhq\selenium\selenium-chrome-driver\3.141.59\selenium-chrome-driver-3.141.59.jar;C:\Users\gaurav.dixit01\.m2\repository\org\seleniumhq\selenium\selenium-edge-driver\3.141.59\selenium-edge-driver-3.141.59.jar;C:\Users\gaurav.dixit01\.m2\repository\org\seleniumhq\selenium\selenium-firefox-driver\3.141.59\selenium-firefox-driver-3.141.59.jar;C:\Users\gaurav.dixit01\.m2\repository\org\seleniumhq\selenium\selenium-ie-driver\3.141.59\selenium-ie-driver-3.141.59.jar;C:\Users\gaurav.dixit01\.m2\repository\org\seleniumhq\selenium\selenium-opera-driver\3.141.59\selenium-opera-driver-3.141.59.jar;C:\Users\gaurav.dixit01\.m2\repository\org\seleniumhq\selenium\selenium-remote-driver\3.141.59\selenium-remote-driver-3.141.59.jar;C:\Users\gaurav.dixit01\.m2\repository\org\seleniumhq\selenium\selenium-safari-driver\3.141.59\selenium-safari-driver-3.141.59.jar;C:\Users\gaurav.dixit01\.m2\repository\org\seleniumhq\selenium\selenium-support\3.141.59\selenium-support-3.141.59.jar;C:\Users\gaurav.dixit01\.m2\repository\net\bytebuddy\byte-buddy\1.8.15\byte-buddy-1.8.15.jar;C:\Users\gaurav.dixit01\.m2\repository\org\apache\commons\commons-exec\1.3\commons-exec-1.3.jar;C:\Users\gaurav.dixit01\.m2\repository\com\google\guava\guava\25.0-jre\guava-25.0-jre.jar;C:\Users\gaurav.dixit01\.m2\repository\com\google\code\findbugs\jsr305\1.3.9\jsr305-1.3.9.jar;C:\Users\gaurav.dixit01\.m2\repository\org\checkerframework\checker-compat-qual\2.0.0\checker-compat-qual-2.0.0.jar;C:\Users\gaurav.dixit01\.m2\repository\com\google\errorprone\error_prone_annotations\2.1.3\error_prone_annotations-2.1.3.jar;C:\Users\gaurav.dixit01\.m2\repository\com\google\j2objc\j2objc-annotations\1.1\j2objc-annotations-1.1.jar;C:\Users\gaurav.dixit01\.m2\repository\org\codehaus\mojo\animal-sniffer-annotations\1.14\animal-sniffer-annotations-1.14.jar;C:\Users\gaurav.dixit01\.m2\repository\com\squareup\okhttp3\okhttp\3.11.0\okhttp-3.11.0.jar;C:\Users\gaurav.dixit01\.m2\repository\com\squareup\okio\okio\1.14.0\okio-1.14.0.jar;C:\Users\gaurav.dixit01\.m2\repository\io\github\bonigarcia\webdrivermanager\4.4.3\webdrivermanager-4.4.3.jar;C:\Users\gaurav.dixit01\.m2\repository\org\slf4j\slf4j-api\1.7.30\slf4j-api-1.7.30.jar;C:\Users\gaurav.dixit01\.m2\repository\commons-io\commons-io\2.8.0\commons-io-2.8.0.jar;C:\Users\gaurav.dixit01\.m2\repository\com\google\code\gson\gson\2.8.6\gson-2.8.6.jar;C:\Users\gaurav.dixit01\.m2\repository\org\apache\commons\commons-lang3\3.12.0\commons-lang3-3.12.0.jar;C:\Users\gaurav.dixit01\.m2\repository\org\apache\httpcomponents\client5\httpclient5\5.0.3\httpclient5-5.0.3.jar;C:\Users\gaurav.dixit01\.m2\repository\org\apache\httpcomponents\core5\httpcore5\5.0.2\httpcore5-5.0.2.jar;C:\Users\gaurav.dixit01\.m2\repository\org\apache\httpcomponents\core5\httpcore5-h2\5.0.2\httpcore5-h2-5.0.2.jar;C:\Users\gaurav.dixit01\.m2\repository\commons-codec\commons-codec\1.13\commons-codec-1.13.jar;C:\Users\gaurav.dixit01\.m2\repository\org\rauschig\jarchivelib\1.1.0\jarchivelib-1.1.0.jar;C:\Users\gaurav.dixit01\.m2\repository\org\apache\commons\commons-compress\1.20\commons-compress-1.20.jar;C:\Users\gaurav.dixit01\.m2\repository\org\jsoup\jsoup\1.13.1\jsoup-1.13.1.jar;C:\Users\gaurav.dixit01\.m2\repository\io\cucumber\cucumber-java\6.11.0\cucumber-java-6.11.0.jar;C:\Users\gaurav.dixit01\.m2\repository\io\cucumber\cucumber-core\6.11.0\cucumber-core-6.11.0.jar;C:\Users\gaurav.dixit01\.m2\repository\io\cucumber\cucumber-gherkin\6.11.0\cucumber-gherkin-6.11.0.jar;C:\Users\gaurav.dixit01\.m2\repository\io\cucumber\cucumber-gherkin-messages\6.11.0\cucumber-gherkin-messages-6.11.0.jar;C:\Users\gaurav.dixit01\.m2\repository\io\cucumber\messages\15.0.0\messages-15.0.0.jar;C:\Users\gaurav.dixit01\.m2\repository\io\cucumber\tag-expressions\3.0.1\tag-expressions-3.0.1.jar;C:\Users\gaurav.dixit01\.m2\repository\io\cucumber\cucumber-expressions\10.3.0\cucumber-expressions-10.3.0.jar;C:\Users\gaurav.dixit01\.m2\repository\io\cucumber\datatable\3.5.0\datatable-3.5.0.jar;C:\Users\gaurav.dixit01\.m2\repository\io\cucumber\cucumber-plugin\6.11.0\cucumber-plugin-6.11.0.jar;C:\Users\gaurav.dixit01\.m2\repository\io\cucumber\docstring\6.11.0\docstring-6.11.0.jar;C:\Users\gaurav.dixit01\.m2\repository\io\cucumber\html-formatter\13.0.0\html-formatter-13.0.0.jar;C:\Users\gaurav.dixit01\.m2\repository\io\cucumber\create-meta\4.0.0\create-meta-4.0.0.jar;C:\Users\gaurav.dixit01\.m2\repository\org\apiguardian\apiguardian-api\1.1.2\apiguardian-api-1.1.2.jar;C:\Users\gaurav.dixit01\.m2\repository\io\cucumber\cucumber-junit\6.10.3\cucumber-junit-6.10.3.jar;C:\Users\gaurav.dixit01\.m2\repository\junit\junit\4.13.2\junit-4.13.2.jar;C:\Users\gaurav.dixit01\.m2\repository\org\hamcrest\hamcrest-core\1.3\hamcrest-core-1.3.jar;C:\Users\gaurav.dixit01\.m2\repository\info\cukes\cucumber-junit\1.2.5\cucumber-junit-1.2.5.jar;C:\Users\gaurav.dixit01\.m2\repository\info\cukes\cucumber-core\1.2.5\cucumber-core-1.2.5.jar;C:\Users\gaurav.dixit01\.m2\repository\info\cukes\cucumber-html\0.2.3\cucumber-html-0.2.3.jar;C:\Users\gaurav.dixit01\.m2\repository\info\cukes\cucumber-jvm-deps\1.0.5\cucumber-jvm-deps-1.0.5.jar;C:\Users\gaurav.dixit01\.m2\repository\info\cukes\gherkin\2.12.2\gherkin-2.12.2.jar;"/>
    <property name="java.vm.vendor" value="Azul Systems, Inc."/>
    <property name="sun.arch.data.model" value="64"/>
    <property name="user.variant" value=""/>
    <property name="java.vendor.url" value="http://www.azulsystems.com/"/>
    <property name="user.timezone" value="Asia/Calcutta"/>
    <property name="java.vm.specification.version" value="11"/>
    <property name="os.name" value="Windows 10"/>
    <property name="sun.java.launcher" value="SUN_STANDARD"/>
    <property name="user.country" value="US"/>
    <property name="sun.boot.library.path" value="C:\Program Files\Zulu\zulu-11\bin"/>
    <property name="sun.java.command" value="C:\Users\gaurav.dixit01\AppData\Local\Temp\surefire14564652165698506280\surefirebooter730848808520574365.jar C:\Users\gaurav.dixit01\AppData\Local\Temp\surefire14564652165698506280 2021-09-06T18-07-09_757-jvmRun1 surefire8148757315627626105tmp surefire_016194989341489312208tmp"/>
    <property name="jdk.debug" value="release"/>
    <property name="surefire.test.class.path" value="C:\Users\gaurav.dixit01\eclipse-workspace\Cucumber\target\test-classes;C:\Users\gaurav.dixit01\eclipse-workspace\Cucumber\target\classes;C:\Users\gaurav.dixit01\.m2\repository\org\seleniumhq\selenium\selenium-java\3.141.59\selenium-java-3.141.59.jar;C:\Users\gaurav.dixit01\.m2\repository\org\seleniumhq\selenium\selenium-api\3.141.59\selenium-api-3.141.59.jar;C:\Users\gaurav.dixit01\.m2\repository\org\seleniumhq\selenium\selenium-chrome-driver\3.141.59\selenium-chrome-driver-3.141.59.jar;C:\Users\gaurav.dixit01\.m2\repository\org\seleniumhq\selenium\selenium-edge-driver\3.141.59\selenium-edge-driver-3.141.59.jar;C:\Users\gaurav.dixit01\.m2\repository\org\seleniumhq\selenium\selenium-firefox-driver\3.141.59\selenium-firefox-driver-3.141.59.jar;C:\Users\gaurav.dixit01\.m2\repository\org\seleniumhq\selenium\selenium-ie-driver\3.141.59\selenium-ie-driver-3.141.59.jar;C:\Users\gaurav.dixit01\.m2\repository\org\seleniumhq\selenium\selenium-opera-driver\3.141.59\selenium-opera-driver-3.141.59.jar;C:\Users\gaurav.dixit01\.m2\repository\org\seleniumhq\selenium\selenium-remote-driver\3.141.59\selenium-remote-driver-3.141.59.jar;C:\Users\gaurav.dixit01\.m2\repository\org\seleniumhq\selenium\selenium-safari-driver\3.141.59\selenium-safari-driver-3.141.59.jar;C:\Users\gaurav.dixit01\.m2\repository\org\seleniumhq\selenium\selenium-support\3.141.59\selenium-support-3.141.59.jar;C:\Users\gaurav.dixit01\.m2\repository\net\bytebuddy\byte-buddy\1.8.15\byte-buddy-1.8.15.jar;C:\Users\gaurav.dixit01\.m2\repository\org\apache\commons\commons-exec\1.3\commons-exec-1.3.jar;C:\Users\gaurav.dixit01\.m2\repository\com\google\guava\guava\25.0-jre\guava-25.0-jre.jar;C:\Users\gaurav.dixit01\.m2\repository\com\google\code\findbugs\jsr305\1.3.9\jsr305-1.3.9.jar;C:\Users\gaurav.dixit01\.m2\repository\org\checkerframework\checker-compat-qual\2.0.0\checker-compat-qual-2.0.0.jar;C:\Users\gaurav.dixit01\.m2\repository\com\google\errorprone\error_prone_annotations\2.1.3\error_prone_annotations-2.1.3.jar;C:\Users\gaurav.dixit01\.m2\repository\com\google\j2objc\j2objc-annotations\1.1\j2objc-annotations-1.1.jar;C:\Users\gaurav.dixit01\.m2\repository\org\codehaus\mojo\animal-sniffer-annotations\1.14\animal-sniffer-annotations-1.14.jar;C:\Users\gaurav.dixit01\.m2\repository\com\squareup\okhttp3\okhttp\3.11.0\okhttp-3.11.0.jar;C:\Users\gaurav.dixit01\.m2\repository\com\squareup\okio\okio\1.14.0\okio-1.14.0.jar;C:\Users\gaurav.dixit01\.m2\repository\io\github\bonigarcia\webdrivermanager\4.4.3\webdrivermanager-4.4.3.jar;C:\Users\gaurav.dixit01\.m2\repository\org\slf4j\slf4j-api\1.7.30\slf4j-api-1.7.30.jar;C:\Users\gaurav.dixit01\.m2\repository\commons-io\commons-io\2.8.0\commons-io-2.8.0.jar;C:\Users\gaurav.dixit01\.m2\repository\com\google\code\gson\gson\2.8.6\gson-2.8.6.jar;C:\Users\gaurav.dixit01\.m2\repository\org\apache\commons\commons-lang3\3.12.0\commons-lang3-3.12.0.jar;C:\Users\gaurav.dixit01\.m2\repository\org\apache\httpcomponents\client5\httpclient5\5.0.3\httpclient5-5.0.3.jar;C:\Users\gaurav.dixit01\.m2\repository\org\apache\httpcomponents\core5\httpcore5\5.0.2\httpcore5-5.0.2.jar;C:\Users\gaurav.dixit01\.m2\repository\org\apache\httpcomponents\core5\httpcore5-h2\5.0.2\httpcore5-h2-5.0.2.jar;C:\Users\gaurav.dixit01\.m2\repository\commons-codec\commons-codec\1.13\commons-codec-1.13.jar;C:\Users\gaurav.dixit01\.m2\repository\org\rauschig\jarchivelib\1.1.0\jarchivelib-1.1.0.jar;C:\Users\gaurav.dixit01\.m2\repository\org\apache\commons\commons-compress\1.20\commons-compress-1.20.jar;C:\Users\gaurav.dixit01\.m2\repository\org\jsoup\jsoup\1.13.1\jsoup-1.13.1.jar;C:\Users\gaurav.dixit01\.m2\repository\io\cucumber\cucumber-java\6.11.0\cucumber-java-6.11.0.jar;C:\Users\gaurav.dixit01\.m2\repository\io\cucumber\cucumber-core\6.11.0\cucumber-core-6.11.0.jar;C:\Users\gaurav.dixit01\.m2\repository\io\cucumber\cucumber-gherkin\6.11.0\cucumber-gherkin-6.11.0.jar;C:\Users\gaurav.dixit01\.m2\repository\io\cucumber\cucumber-gherkin-messages\6.11.0\cucumber-gherkin-messages-6.11.0.jar;C:\Users\gaurav.dixit01\.m2\repository\io\cucumber\messages\15.0.0\messages-15.0.0.jar;C:\Users\gaurav.dixit01\.m2\repository\io\cucumber\tag-expressions\3.0.1\tag-expressions-3.0.1.jar;C:\Users\gaurav.dixit01\.m2\repository\io\cucumber\cucumber-expressions\10.3.0\cucumber-expressions-10.3.0.jar;C:\Users\gaurav.dixit01\.m2\repository\io\cucumber\datatable\3.5.0\datatable-3.5.0.jar;C:\Users\gaurav.dixit01\.m2\repository\io\cucumber\cucumber-plugin\6.11.0\cucumber-plugin-6.11.0.jar;C:\Users\gaurav.dixit01\.m2\repository\io\cucumber\docstring\6.11.0\docstring-6.11.0.jar;C:\Users\gaurav.dixit01\.m2\repository\io\cucumber\html-formatter\13.0.0\html-formatter-13.0.0.jar;C:\Users\gaurav.dixit01\.m2\repository\io\cucumber\create-meta\4.0.0\create-meta-4.0.0.jar;C:\Users\gaurav.dixit01\.m2\repository\org\apiguardian\apiguardian-api\1.1.2\apiguardian-api-1.1.2.jar;C:\Users\gaurav.dixit01\.m2\repository\io\cucumber\cucumber-junit\6.10.3\cucumber-junit-6.10.3.jar;C:\Users\gaurav.dixit01\.m2\repository\junit\junit\4.13.2\junit-4.13.2.jar;C:\Users\gaurav.dixit01\.m2\repository\org\hamcrest\hamcrest-core\1.3\hamcrest-core-1.3.jar;C:\Users\gaurav.dixit01\.m2\repository\info\cukes\cucumber-junit\1.2.5\cucumber-junit-1.2.5.jar;C:\Users\gaurav.dixit01\.m2\repository\info\cukes\cucumber-core\1.2.5\cucumber-core-1.2.5.jar;C:\Users\gaurav.dixit01\.m2\repository\info\cukes\cucumber-html\0.2.3\cucumber-html-0.2.3.jar;C:\Users\gaurav.dixit01\.m2\repository\info\cukes\cucumber-jvm-deps\1.0.5\cucumber-jvm-deps-1.0.5.jar;C:\Users\gaurav.dixit01\.m2\repository\info\cukes\gherkin\2.12.2\gherkin-2.12.2.jar;"/>
    <property name="sun.cpu.endian" value="little"/>
    <property name="user.home" value="C:\Users\gaurav.dixit01"/>
    <property name="user.language" value="en"/>
    <property name="java.specification.vendor" value="Oracle Corporation"/>
    <property name="java.version.date" value="2021-04-20"/>
    <property name="java.home" value="C:\Program Files\Zulu\zulu-11"/>
    <property name="file.separator" value="\"/>
    <property name="basedir" value="C:\Users\gaurav.dixit01\eclipse-workspace\Cucumber"/>
    <property name="java.vm.compressedOopsMode" value="Zero based"/>
    <property name="line.separator" value="&#10;"/>
    <property name="java.specification.name" value="Java Platform API Specification"/>
    <property name="java.vm.specification.vendor" value="Oracle Corporation"/>
    <property name="jdk.vendor.version" value="Zulu11.48+21-CA"/>
    <property name="java.awt.graphicsenv" value="sun.awt.Win32GraphicsEnvironment"/>
    <property name="surefire.real.class.path" value="C:\Users\gaurav.dixit01\AppData\Local\Temp\surefire14564652165698506280\surefirebooter730848808520574365.jar"/>
    <property name="user.script" value=""/>
    <property name="sun.management.compiler" value="HotSpot 64-Bit Tiered Compilers"/>
    <property name="java.runtime.version" value="11.0.11+9-LTS"/>
    <property name="user.name" value="gaurav.dixit01"/>
    <property name="path.separator" value=";"/>
    <property name="os.version" value="10.0"/>
    <property name="java.runtime.name" value="OpenJDK Runtime Environment"/>
    <property name="file.encoding" value="Cp1252"/>
    <property name="java.vm.name" value="OpenJDK 64-Bit Server VM"/>
    <property name="java.vendor.version" value="Zulu11.48+21-CA"/>
    <property name="localRepository" value="C:\Users\gaurav.dixit01\.m2\repository"/>
    <property name="java.vendor.url.bug" value="http://www.azulsystems.com/support/"/>
    <property name="java.io.tmpdir" value="C:\Users\gaurav.dixit01\AppData\Local\Temp\"/>
    <property name="java.version" value="11.0.11"/>
    <property name="cucumber.filter.tags" value="@RegressionTest"/>
    <property name="user.dir" value="C:\Users\gaurav.dixit01\eclipse-workspace\Cucumber"/>
    <property name="os.arch" value="amd64"/>
    <property name="java.vm.specification.name" value="Java Virtual Machine Specification"/>
    <property name="java.awt.printerjob" value="sun.awt.windows.WPrinterJob"/>
    <property name="sun.os.patch.level" value=""/>
    <property name="java.library.path" value="C:\Program Files\Zulu\zulu-11\bin;C:\WINDOWS\Sun\Java\bin;C:\WINDOWS\system32;C:\WINDOWS;D:\apache-maven-3.8.1\apache-maven-3.8.1\/bin;C:\Program Files\Zulu\zulu-11\/bin;C:\Program Files\Zulu\zulu-11\/bin;C:\Program Files\Zulu\zulu-11\bin\;C:\Program Files\Python39\Scripts\;C:\Program Files\Python39\;C:\WINDOWS\system32;C:\WINDOWS;C:\WINDOWS\System32\Wbem;C:\WINDOWS\System32\WindowsPowerShell\v1.0\;C:\WINDOWS\System32\OpenSSH\;C:\Program Files\Microsoft VS Code\bin;C:\Program Files\Zulu\zulu-11\\bin;C:\Program Files\Zulu\zulu-11-jre\bin\;C:\Program Files\nodejs\;C:\Users\gaurav.dixit01\AppData\Local\Microsoft\WindowsApps;D:\apache-maven-3.8.1\apache-maven-3.8.1\bin;."/>
    <property name="java.vm.info" value="mixed mode"/>
    <property name="java.vendor" value="Azul Systems, Inc."/>
    <property name="java.vm.version" value="11.0.11+9-LTS"/>
    <property name="sun.io.unicode.encoding" value="UnicodeLittle"/>
    <property name="java.class.version" value="55.0"/>
  </properties>
  <testcase name="Launch the browser" classname="Verify the Launch Admin Interface of the Application" time="8.102">
    <system-out><![CDATA[
@RegressionTest
Scenario: Verify the Launch Admin Interface of the Application # src/test/java/features/LaunchAdminInterface.feature:8
]]></system-out>
    <system-err><![CDATA[SLF4J: Failed to load class "org.slf4j.impl.StaticLoggerBinder".
SLF4J: Defaulting to no-operation (NOP) logger implementation
SLF4J: See http://www.slf4j.org/codes.html#StaticLoggerBinder for further details.
Starting ChromeDriver 93.0.4577.15 (660fc11082ba57405eca2e8c49c3e1af756fbfae-refs/branch-heads/4577@{#203}) on port 10299
Only local connections are allowed.
Please see https://chromedriver.chromium.org/security-considerations for suggestions on keeping ChromeDriver safe.
ChromeDriver was started successfully.
Sep 06, 2021 6:07:19 PM org.openqa.selenium.remote.ProtocolHandshake createSession
INFO: Detected dialect: W3C
]]></system-err>
  </testcase>
  <testcase name="Browser should be started" classname="Verify the Launch Admin Interface of the Application" time="0.022">
    <system-out><![CDATA[  When Launch the browser                                      # stepDefinition.LaunchAdminInterface.launch_the_browser()
]]></system-out>
  </testcase>
  <testcase name="User is on the landing page" classname="Verify the Launch Admin Interface of the Application" time="0.09">
    <system-out><![CDATA[  Then Browser should be started                               # stepDefinition.LaunchAdminInterface.browser_should_be_started()
]]></system-out>
  </testcase>
  <testcase name="Capture the text Administrator Login for verification" classname="Verify the Launch Admin Interface of the Application" time="0.075">
    <system-out><![CDATA[  Given User is on the landing page                            # stepDefinition.LaunchAdminInterface.user_is_on_the_landing_page()
]]></system-out>
  </testcase>
  <testcase name="" classname="Verify the Launch Admin Interface of the Application" time="0.433">
    <system-out><![CDATA[  Then Capture the text Administrator Login for verification   # stepDefinition.LaunchAdminInterface.capture_the_text_adminstrator_login_for_verification()
]]></system-out>
  </testcase>
  <testcase name="Launch the browser" classname="Verify Mandatory Elements availability in Admin interface home page" time="12.02">
    <system-out><![CDATA[
@RegressionTest
Scenario: Verify Mandatory Elements availability in Admin interface home page          # src/test/java/features/LaunchAdminInterface.feature:13
]]></system-out>
    <system-err><![CDATA[Starting ChromeDriver 93.0.4577.15 (660fc11082ba57405eca2e8c49c3e1af756fbfae-refs/branch-heads/4577@{#203}) on port 9804
Only local connections are allowed.
Please see https://chromedriver.chromium.org/security-considerations for suggestions on keeping ChromeDriver safe.
ChromeDriver was started successfully.
Sep 06, 2021 6:07:25 PM org.openqa.selenium.remote.ProtocolHandshake createSession
INFO: Detected dialect: W3C
]]></system-err>
  </testcase>
  <testcase name="Browser should be started" classname="Verify Mandatory Elements availability in Admin interface home page" time="0.007">
    <system-out><![CDATA[  When Launch the browser                                                              # stepDefinition.LaunchAdminInterface.launch_the_browser()
]]></system-out>
  </testcase>
  <testcase name="User is on the landing page" classname="Verify Mandatory Elements availability in Admin interface home page" time="0.065">
    <system-out><![CDATA[  Then Browser should be started                                                       # stepDefinition.LaunchAdminInterface.browser_should_be_started()
]]></system-out>
  </testcase>
  <testcase name="Click on the link of online Catalog" classname="Verify Mandatory Elements availability in Admin interface home page" time="5.219">
    <system-out><![CDATA[  Given User is on the landing page                                                    # stepDefinition.LaunchAdminInterface.user_is_on_the_landing_page()
]]></system-out>
  </testcase>
  <testcase name="Return the existence status of create an account,login, and Shopping Cart links" classname="Verify Mandatory Elements availability in Admin interface home page" time="0.4">
    <system-out><![CDATA[  When Click on the link of online Catalog                                             # stepDefinition.LaunchAdminInterface.click_on_the_link_of_online_catalog()
]]></system-out>
  </testcase>
  <testcase name="" classname="Verify Mandatory Elements availability in Admin interface home page" time="0.739">
    <system-out><![CDATA[  Then Return the existence status of create an account,login, and Shopping Cart links # stepDefinition.LaunchAdminInterface.return_the_existence_status_of_create_an_account_login_and_shopping_cart_links()
]]></system-out>
  </testcase>
  <testcase name="Launch the browser" classname="Verify the Launch Admin Interface with valid credentials." time="7.122">
    <system-out><![CDATA[
@RegressionTest
Scenario: Verify the Launch Admin Interface with valid credentials.                # src/test/java/features/LaunchAdminInterface.feature:19
]]></system-out>
    <system-err><![CDATA[Starting ChromeDriver 93.0.4577.15 (660fc11082ba57405eca2e8c49c3e1af756fbfae-refs/branch-heads/4577@{#203}) on port 16758
Only local connections are allowed.
Please see https://chromedriver.chromium.org/security-considerations for suggestions on keeping ChromeDriver safe.
ChromeDriver was started successfully.
Sep 06, 2021 6:07:44 PM org.openqa.selenium.remote.ProtocolHandshake createSession
INFO: Detected dialect: W3C
]]></system-err>
  </testcase>
  <testcase name="Browser should be started" classname="Verify the Launch Admin Interface with valid credentials." time="0.014">
    <system-out><![CDATA[  When Launch the browser                                                          # stepDefinition.LaunchAdminInterface.launch_the_browser()
]]></system-out>
  </testcase>
  <testcase name="User is on the landing page" classname="Verify the Launch Admin Interface with valid credentials." time="0.074">
    <system-out><![CDATA[  Then Browser should be started                                                   # stepDefinition.LaunchAdminInterface.browser_should_be_started()
]]></system-out>
  </testcase>
  <testcase name="Enter username &quot;gcreddy&quot; and password &quot;Temp@2020&quot; and click on login button" classname="Verify the Launch Admin Interface with valid credentials." time="7.856">
    <system-out><![CDATA[  Given User is on the landing page                                                # stepDefinition.LaunchAdminInterface.user_is_on_the_landing_page()
]]></system-out>
  </testcase>
  <testcase name="User lands on home page of Admin Interface" classname="Verify the Launch Admin Interface with valid credentials." time="0.02">
    <system-out><![CDATA[  When Enter username "gcreddy" and password "Temp@2020" and click on login button # stepDefinition.LaunchAdminInterface.enter_username_and_password_and_click_on_login_button(java.lang.String,java.lang.String)
]]></system-out>
  </testcase>
  <testcase name="Check the text on the home page" classname="Verify the Launch Admin Interface with valid credentials." time="2.347">
    <system-out><![CDATA[  Then User lands on home page of Admin Interface                                  # stepDefinition.LaunchAdminInterface.user_lands_on_home_page_of_admin_interface()
]]></system-out>
  </testcase>
  <testcase name="" classname="Verify the Launch Admin Interface with valid credentials." time="2.662">
    <system-out><![CDATA[  And Check the text on the home page                                              # stepDefinition.LaunchAdminInterface.check_the_text_on_the_home_page()
]]></system-out>
  </testcase>
  <testcase name="Launch the browser(Page Redirect Functionality " classname="From Admin to User Interface) before Login" time="5.529">
    <system-out><![CDATA[
@RegressionTest
Scenario: Page Redirect Functionality (From Admin to User Interface) before Login # src/test/java/features/LaunchAdminInterface.feature:46
]]></system-out>
    <system-err><![CDATA[Starting ChromeDriver 93.0.4577.15 (660fc11082ba57405eca2e8c49c3e1af756fbfae-refs/branch-heads/4577@{#203}) on port 46332
Only local connections are allowed.
Please see https://chromedriver.chromium.org/security-considerations for suggestions on keeping ChromeDriver safe.
ChromeDriver was started successfully.
Sep 06, 2021 6:08:01 PM org.openqa.selenium.remote.ProtocolHandshake createSession
INFO: Detected dialect: W3C
]]></system-err>
  </testcase>
  <testcase name="Browser should be started(Page Redirect Functionality " classname="From Admin to User Interface) before Login" time="0.015">
    <system-out><![CDATA[  When Launch the browser                                                         # stepDefinition.LaunchAdminInterface.launch_the_browser()
]]></system-out>
  </testcase>
  <testcase name="User is on the landing page(Page Redirect Functionality " classname="From Admin to User Interface) before Login" time="0.087">
    <system-out><![CDATA[  Then Browser should be started                                                  # stepDefinition.LaunchAdminInterface.browser_should_be_started()
]]></system-out>
  </testcase>
  <testcase name="Click on the link of online Catalog(Page Redirect Functionality " classname="From Admin to User Interface) before Login" time="5.094">
    <system-out><![CDATA[  Given User is on the landing page                                               # stepDefinition.LaunchAdminInterface.user_is_on_the_landing_page()
]]></system-out>
  </testcase>
  <testcase name="Verify the user is on User Interface(Page Redirect Functionality " classname="From Admin to User Interface) before Login" time="0.019">
    <system-out><![CDATA[  When Click on the link of online Catalog                                        # stepDefinition.LaunchAdminInterface.click_on_the_link_of_online_catalog()
]]></system-out>
  </testcase>
  <testcase name="Page Redirect Functionality " classname="Page Redirect Functionality (From Admin to User Interface) before Login" time="0.376">
    <system-out><![CDATA[  Then Verify the user is on User Interface                                       # stepDefinition.LaunchAdminInterface.verify_the_user_is_on_user_interface()
]]></system-out>
  </testcase>
  <testcase name="Launch the browser" classname="Verify Admin Login Locking Functionality #1" time="4.646">
    <system-out><![CDATA[
@RegressionTest
Scenario Outline: Verify Admin Login Locking Functionality                  # src/test/java/features/LaunchAdminInterface.feature:61
]]></system-out>
    <system-err><![CDATA[Starting ChromeDriver 93.0.4577.15 (660fc11082ba57405eca2e8c49c3e1af756fbfae-refs/branch-heads/4577@{#203}) on port 40956
Only local connections are allowed.
Please see https://chromedriver.chromium.org/security-considerations for suggestions on keeping ChromeDriver safe.
ChromeDriver was started successfully.
Sep 06, 2021 6:08:12 PM org.openqa.selenium.remote.ProtocolHandshake createSession
INFO: Detected dialect: W3C
]]></system-err>
  </testcase>
  <testcase name="Browser should be started" classname="Verify Admin Login Locking Functionality #1" time="0.019">
    <system-out><![CDATA[  When Launch the browser                                                   # stepDefinition.LaunchAdminInterface.launch_the_browser()
]]></system-out>
  </testcase>
  <testcase name="User is on the landing page" classname="Verify Admin Login Locking Functionality #1" time="0.1">
    <system-out><![CDATA[  Then Browser should be started                                            # stepDefinition.LaunchAdminInterface.browser_should_be_started()
]]></system-out>
  </testcase>
  <testcase name="Enter abcdefg and Temp@2020 invalid and click on login button" classname="Verify Admin Login Locking Functionality #1" time="1.541">
    <system-out><![CDATA[  Given User is on the landing page                                         # stepDefinition.LaunchAdminInterface.user_is_on_the_landing_page()
]]></system-out>
  </testcase>
  <testcase name="Capture the Error message and compare with expected for fourth times" classname="Verify Admin Login Locking Functionality #1" time="0">
    <system-out><![CDATA[  When Enter abcdefg and Temp@2020 invalid and click on login button        # stepDefinition.LaunchAdminInterface.enter_and_invalid_and_click_on_login_button(java.lang.String,java.lang.String)
]]></system-out>
  </testcase>
  <testcase name="" classname="Verify Admin Login Locking Functionality #1" time="0.362">
    <system-out><![CDATA[  Then Capture the Error message and compare with expected for fourth times # stepDefinition.LaunchAdminInterface.capture_the_error_message_and_compare_with_expected_for_fourth_times()
]]></system-out>
  </testcase>
  <testcase name="Launch the browser" classname="Verify Admin Login Locking Functionality #2" time="5.834">
    <system-out><![CDATA[
@RegressionTest
Scenario Outline: Verify Admin Login Locking Functionality                  # src/test/java/features/LaunchAdminInterface.feature:62
]]></system-out>
    <system-err><![CDATA[Starting ChromeDriver 93.0.4577.15 (660fc11082ba57405eca2e8c49c3e1af756fbfae-refs/branch-heads/4577@{#203}) on port 19877
Only local connections are allowed.
Please see https://chromedriver.chromium.org/security-considerations for suggestions on keeping ChromeDriver safe.
ChromeDriver was started successfully.
Sep 06, 2021 6:08:19 PM org.openqa.selenium.remote.ProtocolHandshake createSession
INFO: Detected dialect: W3C
]]></system-err>
  </testcase>
  <testcase name="Browser should be started" classname="Verify Admin Login Locking Functionality #2" time="0.016">
    <system-out><![CDATA[  When Launch the browser                                                   # stepDefinition.LaunchAdminInterface.launch_the_browser()
]]></system-out>
  </testcase>
  <testcase name="User is on the landing page" classname="Verify Admin Login Locking Functionality #2" time="0.066">
    <system-out><![CDATA[  Then Browser should be started                                            # stepDefinition.LaunchAdminInterface.browser_should_be_started()
]]></system-out>
  </testcase>
  <testcase name="Enter gcreddy and Temp@0000 invalid and click on login button" classname="Verify Admin Login Locking Functionality #2" time="1.641">
    <system-out><![CDATA[  Given User is on the landing page                                         # stepDefinition.LaunchAdminInterface.user_is_on_the_landing_page()
]]></system-out>
  </testcase>
  <testcase name="Capture the Error message and compare with expected for fourth times" classname="Verify Admin Login Locking Functionality #2" time="0">
    <system-out><![CDATA[  When Enter gcreddy and Temp@0000 invalid and click on login button        # stepDefinition.LaunchAdminInterface.enter_and_invalid_and_click_on_login_button(java.lang.String,java.lang.String)
]]></system-out>
  </testcase>
  <testcase name="" classname="Verify Admin Login Locking Functionality #2" time="0.346">
    <system-out><![CDATA[  Then Capture the Error message and compare with expected for fourth times # stepDefinition.LaunchAdminInterface.capture_the_error_message_and_compare_with_expected_for_fourth_times()
]]></system-out>
  </testcase>
  <testcase name="Launch the browser" classname="Verify Admin Login Locking Functionality #3" time="12.945">
    <system-out><![CDATA[
@RegressionTest
Scenario Outline: Verify Admin Login Locking Functionality                  # src/test/java/features/LaunchAdminInterface.feature:63
]]></system-out>
    <system-err><![CDATA[Starting ChromeDriver 93.0.4577.15 (660fc11082ba57405eca2e8c49c3e1af756fbfae-refs/branch-heads/4577@{#203}) on port 15993
Only local connections are allowed.
Please see https://chromedriver.chromium.org/security-considerations for suggestions on keeping ChromeDriver safe.
ChromeDriver was started successfully.
Sep 06, 2021 6:08:27 PM org.openqa.selenium.remote.ProtocolHandshake createSession
INFO: Detected dialect: W3C
]]></system-err>
  </testcase>
  <testcase name="Browser should be started" classname="Verify Admin Login Locking Functionality #3" time="0.013">
    <system-out><![CDATA[  When Launch the browser                                                   # stepDefinition.LaunchAdminInterface.launch_the_browser()
]]></system-out>
  </testcase>
  <testcase name="User is on the landing page" classname="Verify Admin Login Locking Functionality #3" time="0.061">
    <system-out><![CDATA[  Then Browser should be started                                            # stepDefinition.LaunchAdminInterface.browser_should_be_started()
]]></system-out>
  </testcase>
  <testcase name="Enter abcdxyz and Temp@1111 invalid and click on login button" classname="Verify Admin Login Locking Functionality #3" time="1.762">
    <system-out><![CDATA[  Given User is on the landing page                                         # stepDefinition.LaunchAdminInterface.user_is_on_the_landing_page()
]]></system-out>
  </testcase>
  <testcase name="Capture the Error message and compare with expected for fourth times" classname="Verify Admin Login Locking Functionality #3" time="0">
    <system-out><![CDATA[  When Enter abcdxyz and Temp@1111 invalid and click on login button        # stepDefinition.LaunchAdminInterface.enter_and_invalid_and_click_on_login_button(java.lang.String,java.lang.String)
]]></system-out>
  </testcase>
  <testcase name="" classname="Verify Admin Login Locking Functionality #3" time="0.338">
    <system-out><![CDATA[  Then Capture the Error message and compare with expected for fourth times # stepDefinition.LaunchAdminInterface.capture_the_error_message_and_compare_with_expected_for_fourth_times()
]]></system-out>
  </testcase>
  <testcase name="Launch the browser" classname="Verify Admin Login Locking Functionality #4" time="6.793">
    <system-out><![CDATA[
@RegressionTest
Scenario Outline: Verify Admin Login Locking Functionality                  # src/test/java/features/LaunchAdminInterface.feature:64
]]></system-out>
    <system-err><![CDATA[Starting ChromeDriver 93.0.4577.15 (660fc11082ba57405eca2e8c49c3e1af756fbfae-refs/branch-heads/4577@{#203}) on port 28050
Only local connections are allowed.
Please see https://chromedriver.chromium.org/security-considerations for suggestions on keeping ChromeDriver safe.
ChromeDriver was started successfully.
Sep 06, 2021 6:08:42 PM org.openqa.selenium.remote.ProtocolHandshake createSession
INFO: Detected dialect: W3C
]]></system-err>
  </testcase>
  <testcase name="Browser should be started" classname="Verify Admin Login Locking Functionality #4" time="0.016">
    <system-out><![CDATA[  When Launch the browser                                                   # stepDefinition.LaunchAdminInterface.launch_the_browser()
]]></system-out>
  </testcase>
  <testcase name="User is on the landing page" classname="Verify Admin Login Locking Functionality #4" time="0.062">
    <system-out><![CDATA[  Then Browser should be started                                            # stepDefinition.LaunchAdminInterface.browser_should_be_started()
]]></system-out>
  </testcase>
  <testcase name="Enter gcreddy and Temp@2020 invalid and click on login button" classname="Verify Admin Login Locking Functionality #4" time="2.178">
    <system-out><![CDATA[  Given User is on the landing page                                         # stepDefinition.LaunchAdminInterface.user_is_on_the_landing_page()
]]></system-out>
  </testcase>
  <testcase name="Capture the Error message and compare with expected for fourth times" classname="Verify Admin Login Locking Functionality #4" time="0">
    <system-out><![CDATA[  When Enter gcreddy and Temp@2020 invalid and click on login button        # stepDefinition.LaunchAdminInterface.enter_and_invalid_and_click_on_login_button(java.lang.String,java.lang.String)
]]></system-out>
  </testcase>
  <testcase name="" classname="Verify Admin Login Locking Functionality #4" time="0.375">
    <system-out><![CDATA[  Then Capture the Error message and compare with expected for fourth times # stepDefinition.LaunchAdminInterface.capture_the_error_message_and_compare_with_expected_for_fourth_times()
]]></system-out>
  </testcase>
</testsuite>